<?xml version="1.0" encoding="UTF-8"?>
<!-- Generated by org.testng.reporters.JUnitReportReporter -->
<testsuite hostname="LAPTOP-FDIH17SS" failures="0" tests="2" name="com.regression.Runnerfile" time="16.880" errors="0" timestamp="2023-07-02T10:58:44 EDT" skipped="0">
  <testcase classname="com.regression.Runnerfile" name="runScenario" time="5.616"/>
  <system-out/>
  <testcase classname="com.regression.Runnerfile" name="runScenario" time="11.264"/>
  <system-out/>
</testsuite> <!-- com.regression.Runnerfile -->
