<?xml version="1.0" encoding="UTF-8"?>
<!-- Generated by org.testng.reporters.JUnitReportReporter -->
<testsuite hostname="LAPTOP-FDIH17SS" failures="0" tests="1" name="com.generic.OnlineBanking" time="7.733" errors="0" timestamp="2023-06-30T20:44:37 EDT" skipped="0">
  <testcase classname="com.generic.OnlineBanking" name="getLogin" time="7.733"/>
  <system-out/>
</testsuite> <!-- com.generic.OnlineBanking -->
